\BOOKMARK [1][-]{section.1}{\376\377\000R\000F\000\040\000M\000o\000n\000o\000l\000i\000t\000h\000i\000c\000s\000\040\000T\000e\000r\000m\000\040\000L\000o\000a\000n}{}% 1
\BOOKMARK [2][-]{subsection.1.1}{\376\377\000D\000o\000c\000u\000m\000e\000n\000t\000\040\000O\000v\000e\000r\000v\000i\000e\000w}{section.1}% 2
\BOOKMARK [2][-]{subsection.1.2}{\376\377\000P\000a\000r\000t\000i\000e\000s\000\040\000a\000n\000d\000\040\000C\000o\000m\000m\000i\000t\000m\000e\000n\000t\000s}{section.1}% 3
\BOOKMARK [3][-]{subsubsection.1.2.1}{\376\377\000P\000a\000r\000t\000i\000e\000s}{subsection.1.2}% 4
\BOOKMARK [3][-]{subsubsection.1.2.2}{\376\377\000C\000r\000e\000d\000i\000t\000\040\000F\000a\000c\000i\000l\000i\000t\000i\000e\000s}{subsection.1.2}% 5
\BOOKMARK [2][-]{subsection.1.3}{\376\377\000P\000r\000i\000c\000i\000n\000g\000\040\000T\000e\000r\000m\000s}{section.1}% 6
\BOOKMARK [3][-]{subsubsection.1.3.1}{\376\377\000B\000a\000s\000e\000\040\000I\000n\000t\000e\000r\000e\000s\000t\000\040\000R\000a\000t\000e}{subsection.1.3}% 7
\BOOKMARK [2][-]{subsection.1.4}{\376\377\000A\000d\000m\000i\000n\000i\000s\000t\000r\000a\000t\000i\000v\000e\000\040\000T\000e\000r\000m\000s}{section.1}% 8
\BOOKMARK [2][-]{subsection.1.5}{\376\377\000S\000u\000m\000m\000a\000r\000y\000\040\000o\000f\000\040\000D\000e\000f\000i\000n\000i\000t\000i\000o\000n\000s\000\040\000C\000a\000p\000t\000u\000r\000e\000d}{section.1}% 9
\BOOKMARK [1][-]{section.2}{\376\377\000S\000y\000n\000d\000i\000c\000a\000t\000e\000d\000\040\000C\000r\000e\000d\000i\000t\000\040\000A\000g\000r\000e\000e\000m\000e\000n\000t}{}% 10
\BOOKMARK [2][-]{subsection.2.1}{\376\377\000D\000o\000c\000u\000m\000e\000n\000t\000\040\000O\000v\000e\000r\000v\000i\000e\000w}{section.2}% 11
\BOOKMARK [2][-]{subsection.2.2}{\376\377\000P\000a\000r\000t\000i\000e\000s\000\040\000a\000n\000d\000\040\000C\000o\000m\000m\000i\000t\000m\000e\000n\000t\000s}{section.2}% 12
\BOOKMARK [3][-]{subsubsection.2.2.1}{\376\377\000P\000a\000r\000t\000i\000e\000s}{subsection.2.2}% 13
\BOOKMARK [3][-]{subsubsection.2.2.2}{\376\377\000C\000r\000e\000d\000i\000t\000\040\000F\000a\000c\000i\000l\000i\000t\000i\000e\000s}{subsection.2.2}% 14
\BOOKMARK [2][-]{subsection.2.3}{\376\377\000P\000r\000i\000c\000i\000n\000g\000\040\000T\000e\000r\000m\000s}{section.2}% 15
\BOOKMARK [3][-]{subsubsection.2.3.1}{\376\377\000B\000a\000s\000e\000\040\000I\000n\000t\000e\000r\000e\000s\000t\000\040\000R\000a\000t\000e}{subsection.2.3}% 16
\BOOKMARK [3][-]{subsubsection.2.3.2}{\376\377\000P\000e\000r\000f\000o\000r\000m\000a\000n\000c\000e\000-\000B\000a\000s\000e\000d\000\040\000P\000r\000i\000c\000i\000n\000g}{subsection.2.3}% 17
\BOOKMARK [2][-]{subsection.2.4}{\376\377\000F\000i\000n\000a\000n\000c\000i\000a\000l\000\040\000C\000o\000v\000e\000n\000a\000n\000t\000s}{section.2}% 18
\BOOKMARK [2][-]{subsection.2.5}{\376\377\000M\000a\000n\000d\000a\000t\000o\000r\000y\000\040\000P\000r\000e\000p\000a\000y\000m\000e\000n\000t\000s}{section.2}% 19
\BOOKMARK [3][-]{subsubsection.2.5.1}{\376\377\000E\000x\000c\000e\000s\000s\000\040\000C\000a\000s\000h\000\040\000F\000l\000o\000w}{subsection.2.5}% 20
\BOOKMARK [3][-]{subsubsection.2.5.2}{\376\377\000N\000e\000t\000\040\000D\000i\000s\000p\000o\000s\000i\000t\000i\000o\000n\000\040\000P\000r\000o\000c\000e\000e\000d\000s}{subsection.2.5}% 21
\BOOKMARK [2][-]{subsection.2.6}{\376\377\000F\000e\000e\000s}{section.2}% 22
\BOOKMARK [2][-]{subsection.2.7}{\376\377\000A\000d\000m\000i\000n\000i\000s\000t\000r\000a\000t\000i\000v\000e\000\040\000T\000e\000r\000m\000s}{section.2}% 23
\BOOKMARK [2][-]{subsection.2.8}{\376\377\000S\000u\000m\000m\000a\000r\000y\000\040\000o\000f\000\040\000D\000e\000f\000i\000n\000i\000t\000i\000o\000n\000s\000\040\000C\000a\000p\000t\000u\000r\000e\000d}{section.2}% 24
